<?xml version="1.0" encoding="UTF-8"?>
<!-- Generated by org.testng.reporters.JUnitReportReporter -->
<testsuite hostname="DESKTOP-42K8DOK" failures="0" tests="2" name="Academy.E2E.HomePage" time="111.783" errors="0" timestamp="28 Jan 2021 06:26:47 GMT">
  <testcase classname="Academy.E2E.HomePage" name="HomePageNavigation" time="42.715"/>
  <testcase classname="Academy.E2E.HomePage" name="HomePageNavigation" time="69.068"/>
</testsuite> <!-- Academy.E2E.HomePage -->
