<?xml version="1.0" encoding="UTF-8"?>
<!-- Generated by org.testng.reporters.JUnitReportReporter -->
<testsuite hostname="DESKTOP-42K8DOK" failures="0" tests="2" name="Academy.E2E.HomePage" time="78.582" errors="0" timestamp="18 Jan 2021 11:54:02 GMT">
  <testcase classname="Academy.E2E.HomePage" name="HomePageNavigation" time="47.115"/>
  <testcase classname="Academy.E2E.HomePage" name="HomePageNavigation" time="31.467"/>
</testsuite> <!-- Academy.E2E.HomePage -->
