<?xml version="1.0" encoding="UTF-8"?>
<!-- Generated by org.testng.reporters.JUnitReportReporter -->
<testsuite hostname="DESKTOP-42K8DOK" failures="0" tests="1" name="Academy.E2E.ValidateTitle" time="88.252" errors="0" timestamp="18 Jan 2021 11:54:02 GMT">
  <testcase classname="Academy.E2E.ValidateTitle" name="HomePageNavigation" time="88.252"/>
</testsuite> <!-- Academy.E2E.ValidateTitle -->
